Flutter crash report.
Please report a bug at https://github.com/flutter/flutter/issues.

## command

flutter run

## exception

ProcessException: ProcessException: Uma política de Controle de Aplicativo bloqueou este arquivo (at ../../runtime/bin/process_win.cc:577)
  Command: C:\flutter\bin\cache\dart-sdk\bin\dartaotruntime.exe C:\flutter\bin\cache\dart-sdk\bin\snapshots\frontend_server_aot.dart.snapshot --sdk-root C:\flutter\bin\cache\artifacts\engine\common\flutter_patched_sdk/ --incremental --target=flutter --experimental-emit-debug-metadata -DFLUTTER_VERSION=3.41.6 -DFLUTTER_CHANNEL=stable -DFLUTTER_GIT_URL=https://github.com/flutter/flutter.git -DFLUTTER_FRAMEWORK_REVISION=db50e20168 -DFLUTTER_ENGINE_REVISION=425cfb54d0 -DFLUTTER_DART_VERSION=3.11.4 --output-dill C:\Users\giiml\AppData\Local\Temp\flutter_tools.1b3bb5e4\flutter_tool.94dd8006\app.dill --packages C:\projetos\Appetite\Appetite\.dart_tool\package_config.json -Ddart.vm.profile=false -Ddart.vm.product=false --enable-asserts --track-widget-creation --filesystem-scheme org-dartlang-root --initialize-from-dill build\b70f9274ac3b5ec9754be8774a3c9a1c.cache.dill.track.dill --source file:///C:/projetos/Appetite/Appetite/.dart_tool/flutter_build/dart_plugin_registrant.dart --source package:flutter/src/dart_plugin_registrant.dart -Dflutter.dart_plugin_registrant=file:///C:/projetos/Appetite/Appetite/.dart_tool/flutter_build/dart_plugin_registrant.dart --verbosity=error --enable-experiment=alternative-invalidation-strategy

```
#0      _ProcessImpl._start (dart:io-patch/process_patch.dart:411:33)
#1      Process.start (dart:io-patch/process_patch.dart:42:20)
#2      LocalProcessManager.start (package:process/src/interface/local_process_manager.dart:42:22)
#3      ErrorHandlingProcessManager.start.<anonymous closure> (package:flutter_tools/src/base/error_handling_io.dart:654:26)
#4      _run (package:flutter_tools/src/base/error_handling_io.dart:514:20)
#5      ErrorHandlingProcessManager.start (package:flutter_tools/src/base/error_handling_io.dart:652:12)
#6      DefaultResidentCompiler._compile (package:flutter_tools/src/compile.dart:917:37)
#7      DefaultResidentCompiler._recompile (package:flutter_tools/src/compile.dart:788:14)
#8      _RecompileRequest._run (package:flutter_tools/src/compile.dart:437:84)
#9      _CompilationRequest.run (package:flutter_tools/src/compile.dart:410:30)
#10     DefaultResidentCompiler._handleCompilationRequest (package:flutter_tools/src/compile.dart:839:23)
#11     _rootRunUnary (dart:async/zone_root.dart:48:47)
#12     _CustomZone.runUnary (dart:async/zone.dart:733:19)
#13     _CustomZone.runUnaryGuarded (dart:async/zone.dart:633:7)
#14     _BufferingStreamSubscription._sendData (dart:async/stream_impl.dart:381:11)
#15     _DelayedData.perform (dart:async/stream_impl.dart:573:14)
#16     _PendingEvents.handleNext (dart:async/stream_impl.dart:678:11)
#17     _PendingEvents.schedule.<anonymous closure> (dart:async/stream_impl.dart:649:7)
#18     _rootRun (dart:async/zone_root.dart:27:47)
#19     _CustomZone.run (dart:async/zone.dart:726:19)
#20     _CustomZone.runGuarded (dart:async/zone.dart:625:7)
#21     _CustomZone.bindCallbackGuarded.<anonymous closure> (dart:async/zone.dart:666:23)
#22     _rootRun (dart:async/zone_root.dart:35:13)
#23     _CustomZone.run (dart:async/zone.dart:726:19)
#24     _CustomZone.runGuarded (dart:async/zone.dart:625:7)
#25     _CustomZone.bindCallbackGuarded.<anonymous closure> (dart:async/zone.dart:666:23)
#26     _microtaskLoop (dart:async/schedule_microtask.dart:40:35)
#27     _startMicrotaskLoop (dart:async/schedule_microtask.dart:49:5)
#28     _runPendingImmediateCallback (dart:isolate-patch/isolate_patch.dart:127:13)
#29     _RawReceivePort._handleMessage (dart:isolate-patch/isolate_patch.dart:194:5)
```

## flutter doctor

```
[32m[✓][39m Flutter (Channel stable, 3.41.6, on Microsoft Windows [versÆo 10.0.26200.8037], locale pt-BR) [252ms]
    [32m•[39m Flutter version 3.41.6 on channel stable at C:\flutter
    [32m•[39m Upstream repository https://github.com/flutter/flutter.git
    [32m•[39m Framework revision db50e20168 (10 days ago), 2026-03-25 16:21:00 -0700
    [32m•[39m Engine revision 425cfb54d0
    [32m•[39m Dart version 3.11.4
    [32m•[39m DevTools version 2.54.2
    [32m•[39m Feature flags: enable-web, enable-linux-desktop, enable-macos-desktop, enable-windows-desktop, enable-android, enable-ios, cli-animations, enable-native-assets,
      omit-legacy-version-file, enable-lldb-debugging, enable-uiscene-migration

[32m[✓][39m Windows Version (Windows 11 or higher, 25H2, 2009) [2,4s]

[32m[✓][39m Android toolchain - develop for Android devices (Android SDK version 36.1.0) [3,0s]
    [32m•[39m Android SDK at C:\Users\giiml\AppData\Local\Android\sdk
    [32m•[39m Emulator version 36.4.10.0 (build_id 15004761) (CL:N/A)
    [32m•[39m Platform android-36.1, build-tools 36.1.0
    [32m•[39m Java binary at: C:\Program Files\Android\Android Studio\jbr\bin\java
      This JDK is specified in your Flutter configuration.
      To change the current JDK, run: `flutter config --jdk-dir="path/to/jdk"`.
    [32m•[39m Java version OpenJDK Runtime Environment (build 21.0.9+-14787801-b1163.94)
    [32m•[39m All Android licenses accepted.

[32m[✓][39m Chrome - develop for the web [83ms]
    [32m•[39m Chrome at C:\Program Files\Google\Chrome\Application\chrome.exe

[32m[✓][39m Visual Studio - develop Windows apps (Visual Studio Community 2019 16.11.54) [83ms]
    [32m•[39m Visual Studio at C:\Program Files (x86)\Microsoft Visual Studio\2019\Community
    [32m•[39m Visual Studio Community 2019 version 16.11.37027.11
    [32m•[39m Windows 10 SDK version 10.0.19041.0

[32m[✓][39m Connected device (4 available) [378ms]
    [32m•[39m SM A075M (mobile) • R9QYB04V13W • android-arm64  • Android 15 (API 35)
    [32m•[39m Windows (desktop) • windows     • windows-x64    • Microsoft Windows [versÆo 10.0.26200.8037]
    [32m•[39m Chrome (web)      • chrome      • web-javascript • Google Chrome 146.0.7680.165
    [32m•[39m Edge (web)        • edge        • web-javascript • Microsoft Edge 146.0.3856.97

[32m[✓][39m Network resources [1.065ms]
    [32m•[39m All expected network resources are available.

[32m•[39m No issues found!
```
